Terminals unused in grammar

   TINVALID


Grammar

    0 $accept: program $end

    1 program: stmts

    2 stmts: stmt
    3      | stmts TEND stmt

    4 stmt: %empty
    5     | var_decl
    6     | func_decl
    7     | expr
    8     | error

    9 block: TLBRACE stmts TRBRACE

   10 var_decl: TIDENTIFIER assign stmt
   11         | TIDENTIFIER type assign stmt

   12 func_decl: TIDENTIFIER func_block block catch
   13          | TIDENTIFIER func_block type block catch
   14          | THASH TIDENTIFIER func_block type

   15 catch: %empty
   16      | TCATCH block

   17 func_call: TIDENTIFIER func_block

   18 func_block: TLPAREN TRPAREN
   19           | TLPAREN func_args TRPAREN
   20           | TLPAREN TEND func_args TRPAREN
   21           | TLPAREN TEND func_args TEND TRPAREN

   22 func_args: func_arg
   23          | func_args TEND func_arg
   24          | func_args TCOMMA func_arg

   25 func_arg: var_decl
   26         | func_decl
   27         | expr
   28         | TIDENTIFIER assign type

   29 expr: func_call
   30     | expr TPLUS var
   31     | expr TMINUS var
   32     | expr TMUL var
   33     | expr TDIV var
   34     | expr TCEQ var
   35     | expr TCNE var
   36     | expr TCLT var
   37     | expr TCLE var
   38     | expr TCGT var
   39     | expr TCGE var
   40     | TLPAREN expr TRPAREN
   41     | expr TCAST TIDENTIFIER
   42     | if_expr
   43     | for_expr
   44     | TTHROW TLPAREN expr TRPAREN
   45     | var

   46 for_expr: TFOR TIDENTIFIER TCOLON expr TTO expr block

   47 if_expr: TIF expr block
   48        | TIF expr block TELSE block
   49        | TIF expr block TELSE if_expr

   50 var: TMINUS TINTEGER
   51    | TINTEGER
   52    | TMINUS TDOUBLE
   53    | TDOUBLE
   54    | TTRUE
   55    | TFALSE
   56    | TVOID
   57    | TIDENTIFIER

   58 assign: TEQUAL
   59       | TCOLON

   60 type: TQUOTE TIDENTIFIER


Terminals, with rules where they appear

$end (0) 0
error (256) 8
TIDENTIFIER (258) 10 11 12 13 14 17 28 41 46 57 60
TINTEGER (259) 50 51
TDOUBLE (260) 52 53
TINVALID (261)
TCEQ (262) 34
TCNE (263) 35
TCLT (264) 36
TCLE (265) 37
TCGT (266) 38
TCGE (267) 39
TEQUAL (268) 58
TEND (269) 3 20 21 23
TLPAREN (270) 18 19 20 21 40 44
TRPAREN (271) 18 19 20 21 40 44
TLBRACE (272) 9
TRBRACE (273) 9
TCOMMA (274) 24
TCOLON (275) 46 59
TQUOTE (276) 60
TPLUS (277) 30
TMINUS (278) 31 50 52
TMUL (279) 32
TDIV (280) 33
TTRUE (281) 54
TFALSE (282) 55
TCAST (283) 41
TVOID (284) 56
TIF (285) 47 48 49
TELSE (286) 48 49
TTHROW (287) 44
TCATCH (288) 16
THASH (289) 14
TFOR (290) 46
TTO (291) 46


Nonterminals, with rules where they appear

$accept (37)
    on left: 0
program (38)
    on left: 1, on right: 0
stmts (39)
    on left: 2 3, on right: 1 3 9
stmt (40)
    on left: 4 5 6 7 8, on right: 2 3 10 11
block (41)
    on left: 9, on right: 12 13 16 46 47 48 49
var_decl (42)
    on left: 10 11, on right: 5 25
func_decl (43)
    on left: 12 13 14, on right: 6 26
catch (44)
    on left: 15 16, on right: 12 13
func_call (45)
    on left: 17, on right: 29
func_block (46)
    on left: 18 19 20 21, on right: 12 13 14 17
func_args (47)
    on left: 22 23 24, on right: 19 20 21 23 24
func_arg (48)
    on left: 25 26 27 28, on right: 22 23 24
expr (49)
    on left: 29 30 31 32 33 34 35 36 37 38 39 40 41 42 43 44 45, on right:
    7 27 30 31 32 33 34 35 36 37 38 39 40 41 44 46 47 48 49
for_expr (50)
    on left: 46, on right: 43
if_expr (51)
    on left: 47 48 49, on right: 42 49
var (52)
    on left: 50 51 52 53 54 55 56 57, on right: 30 31 32 33 34 35 36
    37 38 39 45
assign (53)
    on left: 58 59, on right: 10 11 28
type (54)
    on left: 60, on right: 11 13 14 28


State 0

    0 $accept: . program $end

    error        shift, and go to state 1
    TIDENTIFIER  shift, and go to state 2
    TINTEGER     shift, and go to state 3
    TDOUBLE      shift, and go to state 4
    TLPAREN      shift, and go to state 5
    TMINUS       shift, and go to state 6
    TTRUE        shift, and go to state 7
    TFALSE       shift, and go to state 8
    TVOID        shift, and go to state 9
    TIF          shift, and go to state 10
    TTHROW       shift, and go to state 11
    THASH        shift, and go to state 12
    TFOR         shift, and go to state 13

    $end  reduce using rule 4 (stmt)
    TEND  reduce using rule 4 (stmt)

    program    go to state 14
    stmts      go to state 15
    stmt       go to state 16
    var_decl   go to state 17
    func_decl  go to state 18
    func_call  go to state 19
    expr       go to state 20
    for_expr   go to state 21
    if_expr    go to state 22
    var        go to state 23


State 1

    8 stmt: error .

    $default  reduce using rule 8 (stmt)


State 2

   10 var_decl: TIDENTIFIER . assign stmt
   11         | TIDENTIFIER . type assign stmt
   12 func_decl: TIDENTIFIER . func_block block catch
   13          | TIDENTIFIER . func_block type block catch
   17 func_call: TIDENTIFIER . func_block
   57 var: TIDENTIFIER .

    TEQUAL   shift, and go to state 24
    TLPAREN  shift, and go to state 25
    TCOLON   shift, and go to state 26
    TQUOTE   shift, and go to state 27

    $default  reduce using rule 57 (var)

    func_block  go to state 28
    assign      go to state 29
    type        go to state 30


State 3

   51 var: TINTEGER .

    $default  reduce using rule 51 (var)


State 4

   53 var: TDOUBLE .

    $default  reduce using rule 53 (var)


State 5

   40 expr: TLPAREN . expr TRPAREN

    TIDENTIFIER  shift, and go to state 31
    TINTEGER     shift, and go to state 3
    TDOUBLE      shift, and go to state 4
    TLPAREN      shift, and go to state 5
    TMINUS       shift, and go to state 6
    TTRUE        shift, and go to state 7
    TFALSE       shift, and go to state 8
    TVOID        shift, and go to state 9
    TIF          shift, and go to state 10
    TTHROW       shift, and go to state 11
    TFOR         shift, and go to state 13

    func_call  go to state 19
    expr       go to state 32
    for_expr   go to state 21
    if_expr    go to state 22
    var        go to state 23


State 6

   50 var: TMINUS . TINTEGER
   52    | TMINUS . TDOUBLE

    TINTEGER  shift, and go to state 33
    TDOUBLE   shift, and go to state 34


State 7

   54 var: TTRUE .

    $default  reduce using rule 54 (var)


State 8

   55 var: TFALSE .

    $default  reduce using rule 55 (var)


State 9

   56 var: TVOID .

    $default  reduce using rule 56 (var)


State 10

   47 if_expr: TIF . expr block
   48        | TIF . expr block TELSE block
   49        | TIF . expr block TELSE if_expr

    TIDENTIFIER  shift, and go to state 31
    TINTEGER     shift, and go to state 3
    TDOUBLE      shift, and go to state 4
    TLPAREN      shift, and go to state 5
    TMINUS       shift, and go to state 6
    TTRUE        shift, and go to state 7
    TFALSE       shift, and go to state 8
    TVOID        shift, and go to state 9
    TIF          shift, and go to state 10
    TTHROW       shift, and go to state 11
    TFOR         shift, and go to state 13

    func_call  go to state 19
    expr       go to state 35
    for_expr   go to state 21
    if_expr    go to state 22
    var        go to state 23


State 11

   44 expr: TTHROW . TLPAREN expr TRPAREN

    TLPAREN  shift, and go to state 36


State 12

   14 func_decl: THASH . TIDENTIFIER func_block type

    TIDENTIFIER  shift, and go to state 37


State 13

   46 for_expr: TFOR . TIDENTIFIER TCOLON expr TTO expr block

    TIDENTIFIER  shift, and go to state 38


State 14

    0 $accept: program . $end

    $end  shift, and go to state 39


State 15

    1 program: stmts .
    3 stmts: stmts . TEND stmt

    TEND  shift, and go to state 40

    $default  reduce using rule 1 (program)


State 16

    2 stmts: stmt .

    $default  reduce using rule 2 (stmts)


State 17

    5 stmt: var_decl .

    $default  reduce using rule 5 (stmt)


State 18

    6 stmt: func_decl .

    $default  reduce using rule 6 (stmt)


State 19

   29 expr: func_call .

    $default  reduce using rule 29 (expr)


State 20

    7 stmt: expr .
   30 expr: expr . TPLUS var
   31     | expr . TMINUS var
   32     | expr . TMUL var
   33     | expr . TDIV var
   34     | expr . TCEQ var
   35     | expr . TCNE var
   36     | expr . TCLT var
   37     | expr . TCLE var
   38     | expr . TCGT var
   39     | expr . TCGE var
   41     | expr . TCAST TIDENTIFIER

    TCEQ    shift, and go to state 41
    TCNE    shift, and go to state 42
    TCLT    shift, and go to state 43
    TCLE    shift, and go to state 44
    TCGT    shift, and go to state 45
    TCGE    shift, and go to state 46
    TPLUS   shift, and go to state 47
    TMINUS  shift, and go to state 48
    TMUL    shift, and go to state 49
    TDIV    shift, and go to state 50
    TCAST   shift, and go to state 51

    $default  reduce using rule 7 (stmt)


State 21

   43 expr: for_expr .

    $default  reduce using rule 43 (expr)


State 22

   42 expr: if_expr .

    $default  reduce using rule 42 (expr)


State 23

   45 expr: var .

    $default  reduce using rule 45 (expr)


State 24

   58 assign: TEQUAL .

    $default  reduce using rule 58 (assign)


State 25

   18 func_block: TLPAREN . TRPAREN
   19           | TLPAREN . func_args TRPAREN
   20           | TLPAREN . TEND func_args TRPAREN
   21           | TLPAREN . TEND func_args TEND TRPAREN

    TIDENTIFIER  shift, and go to state 52
    TINTEGER     shift, and go to state 3
    TDOUBLE      shift, and go to state 4
    TEND         shift, and go to state 53
    TLPAREN      shift, and go to state 5
    TRPAREN      shift, and go to state 54
    TMINUS       shift, and go to state 6
    TTRUE        shift, and go to state 7
    TFALSE       shift, and go to state 8
    TVOID        shift, and go to state 9
    TIF          shift, and go to state 10
    TTHROW       shift, and go to state 11
    THASH        shift, and go to state 12
    TFOR         shift, and go to state 13

    var_decl   go to state 55
    func_decl  go to state 56
    func_call  go to state 19
    func_args  go to state 57
    func_arg   go to state 58
    expr       go to state 59
    for_expr   go to state 21
    if_expr    go to state 22
    var        go to state 23


State 26

   59 assign: TCOLON .

    $default  reduce using rule 59 (assign)


State 27

   60 type: TQUOTE . TIDENTIFIER

    TIDENTIFIER  shift, and go to state 60


State 28

   12 func_decl: TIDENTIFIER func_block . block catch
   13          | TIDENTIFIER func_block . type block catch
   17 func_call: TIDENTIFIER func_block .

    TLBRACE  shift, and go to state 61
    TQUOTE   shift, and go to state 27

    $default  reduce using rule 17 (func_call)

    block  go to state 62
    type   go to state 63


State 29

   10 var_decl: TIDENTIFIER assign . stmt

    error        shift, and go to state 1
    TIDENTIFIER  shift, and go to state 2
    TINTEGER     shift, and go to state 3
    TDOUBLE      shift, and go to state 4
    TLPAREN      shift, and go to state 5
    TMINUS       shift, and go to state 6
    TTRUE        shift, and go to state 7
    TFALSE       shift, and go to state 8
    TVOID        shift, and go to state 9
    TIF          shift, and go to state 10
    TTHROW       shift, and go to state 11
    THASH        shift, and go to state 12
    TFOR         shift, and go to state 13

    $end     reduce using rule 4 (stmt)
    TEND     reduce using rule 4 (stmt)
    TRPAREN  reduce using rule 4 (stmt)
    TRBRACE  reduce using rule 4 (stmt)
    TCOMMA   reduce using rule 4 (stmt)

    stmt       go to state 64
    var_decl   go to state 17
    func_decl  go to state 18
    func_call  go to state 19
    expr       go to state 20
    for_expr   go to state 21
    if_expr    go to state 22
    var        go to state 23


State 30

   11 var_decl: TIDENTIFIER type . assign stmt

    TEQUAL  shift, and go to state 24
    TCOLON  shift, and go to state 26

    assign  go to state 65


State 31

   17 func_call: TIDENTIFIER . func_block
   57 var: TIDENTIFIER .

    TLPAREN  shift, and go to state 25

    $default  reduce using rule 57 (var)

    func_block  go to state 66


State 32

   30 expr: expr . TPLUS var
   31     | expr . TMINUS var
   32     | expr . TMUL var
   33     | expr . TDIV var
   34     | expr . TCEQ var
   35     | expr . TCNE var
   36     | expr . TCLT var
   37     | expr . TCLE var
   38     | expr . TCGT var
   39     | expr . TCGE var
   40     | TLPAREN expr . TRPAREN
   41     | expr . TCAST TIDENTIFIER

    TCEQ     shift, and go to state 41
    TCNE     shift, and go to state 42
    TCLT     shift, and go to state 43
    TCLE     shift, and go to state 44
    TCGT     shift, and go to state 45
    TCGE     shift, and go to state 46
    TRPAREN  shift, and go to state 67
    TPLUS    shift, and go to state 47
    TMINUS   shift, and go to state 48
    TMUL     shift, and go to state 49
    TDIV     shift, and go to state 50
    TCAST    shift, and go to state 51


State 33

   50 var: TMINUS TINTEGER .

    $default  reduce using rule 50 (var)


State 34

   52 var: TMINUS TDOUBLE .

    $default  reduce using rule 52 (var)


State 35

   30 expr: expr . TPLUS var
   31     | expr . TMINUS var
   32     | expr . TMUL var
   33     | expr . TDIV var
   34     | expr . TCEQ var
   35     | expr . TCNE var
   36     | expr . TCLT var
   37     | expr . TCLE var
   38     | expr . TCGT var
   39     | expr . TCGE var
   41     | expr . TCAST TIDENTIFIER
   47 if_expr: TIF expr . block
   48        | TIF expr . block TELSE block
   49        | TIF expr . block TELSE if_expr

    TCEQ     shift, and go to state 41
    TCNE     shift, and go to state 42
    TCLT     shift, and go to state 43
    TCLE     shift, and go to state 44
    TCGT     shift, and go to state 45
    TCGE     shift, and go to state 46
    TLBRACE  shift, and go to state 61
    TPLUS    shift, and go to state 47
    TMINUS   shift, and go to state 48
    TMUL     shift, and go to state 49
    TDIV     shift, and go to state 50
    TCAST    shift, and go to state 51

    block  go to state 68


State 36

   44 expr: TTHROW TLPAREN . expr TRPAREN

    TIDENTIFIER  shift, and go to state 31
    TINTEGER     shift, and go to state 3
    TDOUBLE      shift, and go to state 4
    TLPAREN      shift, and go to state 5
    TMINUS       shift, and go to state 6
    TTRUE        shift, and go to state 7
    TFALSE       shift, and go to state 8
    TVOID        shift, and go to state 9
    TIF          shift, and go to state 10
    TTHROW       shift, and go to state 11
    TFOR         shift, and go to state 13

    func_call  go to state 19
    expr       go to state 69
    for_expr   go to state 21
    if_expr    go to state 22
    var        go to state 23


State 37

   14 func_decl: THASH TIDENTIFIER . func_block type

    TLPAREN  shift, and go to state 25

    func_block  go to state 70


State 38

   46 for_expr: TFOR TIDENTIFIER . TCOLON expr TTO expr block

    TCOLON  shift, and go to state 71


State 39

    0 $accept: program $end .

    $default  accept


State 40

    3 stmts: stmts TEND . stmt

    error        shift, and go to state 1
    TIDENTIFIER  shift, and go to state 2
    TINTEGER     shift, and go to state 3
    TDOUBLE      shift, and go to state 4
    TLPAREN      shift, and go to state 5
    TMINUS       shift, and go to state 6
    TTRUE        shift, and go to state 7
    TFALSE       shift, and go to state 8
    TVOID        shift, and go to state 9
    TIF          shift, and go to state 10
    TTHROW       shift, and go to state 11
    THASH        shift, and go to state 12
    TFOR         shift, and go to state 13

    $end     reduce using rule 4 (stmt)
    TEND     reduce using rule 4 (stmt)
    TRBRACE  reduce using rule 4 (stmt)

    stmt       go to state 72
    var_decl   go to state 17
    func_decl  go to state 18
    func_call  go to state 19
    expr       go to state 20
    for_expr   go to state 21
    if_expr    go to state 22
    var        go to state 23


State 41

   34 expr: expr TCEQ . var

    TIDENTIFIER  shift, and go to state 73
    TINTEGER     shift, and go to state 3
    TDOUBLE      shift, and go to state 4
    TMINUS       shift, and go to state 6
    TTRUE        shift, and go to state 7
    TFALSE       shift, and go to state 8
    TVOID        shift, and go to state 9

    var  go to state 74


State 42

   35 expr: expr TCNE . var

    TIDENTIFIER  shift, and go to state 73
    TINTEGER     shift, and go to state 3
    TDOUBLE      shift, and go to state 4
    TMINUS       shift, and go to state 6
    TTRUE        shift, and go to state 7
    TFALSE       shift, and go to state 8
    TVOID        shift, and go to state 9

    var  go to state 75


State 43

   36 expr: expr TCLT . var

    TIDENTIFIER  shift, and go to state 73
    TINTEGER     shift, and go to state 3
    TDOUBLE      shift, and go to state 4
    TMINUS       shift, and go to state 6
    TTRUE        shift, and go to state 7
    TFALSE       shift, and go to state 8
    TVOID        shift, and go to state 9

    var  go to state 76


State 44

   37 expr: expr TCLE . var

    TIDENTIFIER  shift, and go to state 73
    TINTEGER     shift, and go to state 3
    TDOUBLE      shift, and go to state 4
    TMINUS       shift, and go to state 6
    TTRUE        shift, and go to state 7
    TFALSE       shift, and go to state 8
    TVOID        shift, and go to state 9

    var  go to state 77


State 45

   38 expr: expr TCGT . var

    TIDENTIFIER  shift, and go to state 73
    TINTEGER     shift, and go to state 3
    TDOUBLE      shift, and go to state 4
    TMINUS       shift, and go to state 6
    TTRUE        shift, and go to state 7
    TFALSE       shift, and go to state 8
    TVOID        shift, and go to state 9

    var  go to state 78


State 46

   39 expr: expr TCGE . var

    TIDENTIFIER  shift, and go to state 73
    TINTEGER     shift, and go to state 3
    TDOUBLE      shift, and go to state 4
    TMINUS       shift, and go to state 6
    TTRUE        shift, and go to state 7
    TFALSE       shift, and go to state 8
    TVOID        shift, and go to state 9

    var  go to state 79


State 47

   30 expr: expr TPLUS . var

    TIDENTIFIER  shift, and go to state 73
    TINTEGER     shift, and go to state 3
    TDOUBLE      shift, and go to state 4
    TMINUS       shift, and go to state 6
    TTRUE        shift, and go to state 7
    TFALSE       shift, and go to state 8
    TVOID        shift, and go to state 9

    var  go to state 80


State 48

   31 expr: expr TMINUS . var

    TIDENTIFIER  shift, and go to state 73
    TINTEGER     shift, and go to state 3
    TDOUBLE      shift, and go to state 4
    TMINUS       shift, and go to state 6
    TTRUE        shift, and go to state 7
    TFALSE       shift, and go to state 8
    TVOID        shift, and go to state 9

    var  go to state 81


State 49

   32 expr: expr TMUL . var

    TIDENTIFIER  shift, and go to state 73
    TINTEGER     shift, and go to state 3
    TDOUBLE      shift, and go to state 4
    TMINUS       shift, and go to state 6
    TTRUE        shift, and go to state 7
    TFALSE       shift, and go to state 8
    TVOID        shift, and go to state 9

    var  go to state 82


State 50

   33 expr: expr TDIV . var

    TIDENTIFIER  shift, and go to state 73
    TINTEGER     shift, and go to state 3
    TDOUBLE      shift, and go to state 4
    TMINUS       shift, and go to state 6
    TTRUE        shift, and go to state 7
    TFALSE       shift, and go to state 8
    TVOID        shift, and go to state 9

    var  go to state 83


State 51

   41 expr: expr TCAST . TIDENTIFIER

    TIDENTIFIER  shift, and go to state 84


State 52

   10 var_decl: TIDENTIFIER . assign stmt
   11         | TIDENTIFIER . type assign stmt
   12 func_decl: TIDENTIFIER . func_block block catch
   13          | TIDENTIFIER . func_block type block catch
   17 func_call: TIDENTIFIER . func_block
   28 func_arg: TIDENTIFIER . assign type
   57 var: TIDENTIFIER .

    TEQUAL   shift, and go to state 24
    TLPAREN  shift, and go to state 25
    TCOLON   shift, and go to state 26
    TQUOTE   shift, and go to state 27

    $default  reduce using rule 57 (var)

    func_block  go to state 28
    assign      go to state 85
    type        go to state 30


State 53

   20 func_block: TLPAREN TEND . func_args TRPAREN
   21           | TLPAREN TEND . func_args TEND TRPAREN

    TIDENTIFIER  shift, and go to state 52
    TINTEGER     shift, and go to state 3
    TDOUBLE      shift, and go to state 4
    TLPAREN      shift, and go to state 5
    TMINUS       shift, and go to state 6
    TTRUE        shift, and go to state 7
    TFALSE       shift, and go to state 8
    TVOID        shift, and go to state 9
    TIF          shift, and go to state 10
    TTHROW       shift, and go to state 11
    THASH        shift, and go to state 12
    TFOR         shift, and go to state 13

    var_decl   go to state 55
    func_decl  go to state 56
    func_call  go to state 19
    func_args  go to state 86
    func_arg   go to state 58
    expr       go to state 59
    for_expr   go to state 21
    if_expr    go to state 22
    var        go to state 23


State 54

   18 func_block: TLPAREN TRPAREN .

    $default  reduce using rule 18 (func_block)


State 55

   25 func_arg: var_decl .

    $default  reduce using rule 25 (func_arg)


State 56

   26 func_arg: func_decl .

    $default  reduce using rule 26 (func_arg)


State 57

   19 func_block: TLPAREN func_args . TRPAREN
   23 func_args: func_args . TEND func_arg
   24          | func_args . TCOMMA func_arg

    TEND     shift, and go to state 87
    TRPAREN  shift, and go to state 88
    TCOMMA   shift, and go to state 89


State 58

   22 func_args: func_arg .

    $default  reduce using rule 22 (func_args)


State 59

   27 func_arg: expr .
   30 expr: expr . TPLUS var
   31     | expr . TMINUS var
   32     | expr . TMUL var
   33     | expr . TDIV var
   34     | expr . TCEQ var
   35     | expr . TCNE var
   36     | expr . TCLT var
   37     | expr . TCLE var
   38     | expr . TCGT var
   39     | expr . TCGE var
   41     | expr . TCAST TIDENTIFIER

    TCEQ    shift, and go to state 41
    TCNE    shift, and go to state 42
    TCLT    shift, and go to state 43
    TCLE    shift, and go to state 44
    TCGT    shift, and go to state 45
    TCGE    shift, and go to state 46
    TPLUS   shift, and go to state 47
    TMINUS  shift, and go to state 48
    TMUL    shift, and go to state 49
    TDIV    shift, and go to state 50
    TCAST   shift, and go to state 51

    $default  reduce using rule 27 (func_arg)


State 60

   60 type: TQUOTE TIDENTIFIER .

    $default  reduce using rule 60 (type)


State 61

    9 block: TLBRACE . stmts TRBRACE

    error        shift, and go to state 1
    TIDENTIFIER  shift, and go to state 2
    TINTEGER     shift, and go to state 3
    TDOUBLE      shift, and go to state 4
    TLPAREN      shift, and go to state 5
    TMINUS       shift, and go to state 6
    TTRUE        shift, and go to state 7
    TFALSE       shift, and go to state 8
    TVOID        shift, and go to state 9
    TIF          shift, and go to state 10
    TTHROW       shift, and go to state 11
    THASH        shift, and go to state 12
    TFOR         shift, and go to state 13

    TEND     reduce using rule 4 (stmt)
    TRBRACE  reduce using rule 4 (stmt)

    stmts      go to state 90
    stmt       go to state 16
    var_decl   go to state 17
    func_decl  go to state 18
    func_call  go to state 19
    expr       go to state 20
    for_expr   go to state 21
    if_expr    go to state 22
    var        go to state 23


State 62

   12 func_decl: TIDENTIFIER func_block block . catch

    TCATCH  shift, and go to state 91

    $default  reduce using rule 15 (catch)

    catch  go to state 92


State 63

   13 func_decl: TIDENTIFIER func_block type . block catch

    TLBRACE  shift, and go to state 61

    block  go to state 93


State 64

   10 var_decl: TIDENTIFIER assign stmt .

    $default  reduce using rule 10 (var_decl)


State 65

   11 var_decl: TIDENTIFIER type assign . stmt

    error        shift, and go to state 1
    TIDENTIFIER  shift, and go to state 2
    TINTEGER     shift, and go to state 3
    TDOUBLE      shift, and go to state 4
    TLPAREN      shift, and go to state 5
    TMINUS       shift, and go to state 6
    TTRUE        shift, and go to state 7
    TFALSE       shift, and go to state 8
    TVOID        shift, and go to state 9
    TIF          shift, and go to state 10
    TTHROW       shift, and go to state 11
    THASH        shift, and go to state 12
    TFOR         shift, and go to state 13

    $end     reduce using rule 4 (stmt)
    TEND     reduce using rule 4 (stmt)
    TRPAREN  reduce using rule 4 (stmt)
    TRBRACE  reduce using rule 4 (stmt)
    TCOMMA   reduce using rule 4 (stmt)

    stmt       go to state 94
    var_decl   go to state 17
    func_decl  go to state 18
    func_call  go to state 19
    expr       go to state 20
    for_expr   go to state 21
    if_expr    go to state 22
    var        go to state 23


State 66

   17 func_call: TIDENTIFIER func_block .

    $default  reduce using rule 17 (func_call)


State 67

   40 expr: TLPAREN expr TRPAREN .

    $default  reduce using rule 40 (expr)


State 68

   47 if_expr: TIF expr block .
   48        | TIF expr block . TELSE block
   49        | TIF expr block . TELSE if_expr

    TELSE  shift, and go to state 95

    $default  reduce using rule 47 (if_expr)


State 69

   30 expr: expr . TPLUS var
   31     | expr . TMINUS var
   32     | expr . TMUL var
   33     | expr . TDIV var
   34     | expr . TCEQ var
   35     | expr . TCNE var
   36     | expr . TCLT var
   37     | expr . TCLE var
   38     | expr . TCGT var
   39     | expr . TCGE var
   41     | expr . TCAST TIDENTIFIER
   44     | TTHROW TLPAREN expr . TRPAREN

    TCEQ     shift, and go to state 41
    TCNE     shift, and go to state 42
    TCLT     shift, and go to state 43
    TCLE     shift, and go to state 44
    TCGT     shift, and go to state 45
    TCGE     shift, and go to state 46
    TRPAREN  shift, and go to state 96
    TPLUS    shift, and go to state 47
    TMINUS   shift, and go to state 48
    TMUL     shift, and go to state 49
    TDIV     shift, and go to state 50
    TCAST    shift, and go to state 51


State 70

   14 func_decl: THASH TIDENTIFIER func_block . type

    TQUOTE  shift, and go to state 27

    type  go to state 97


State 71

   46 for_expr: TFOR TIDENTIFIER TCOLON . expr TTO expr block

    TIDENTIFIER  shift, and go to state 31
    TINTEGER     shift, and go to state 3
    TDOUBLE      shift, and go to state 4
    TLPAREN      shift, and go to state 5
    TMINUS       shift, and go to state 6
    TTRUE        shift, and go to state 7
    TFALSE       shift, and go to state 8
    TVOID        shift, and go to state 9
    TIF          shift, and go to state 10
    TTHROW       shift, and go to state 11
    TFOR         shift, and go to state 13

    func_call  go to state 19
    expr       go to state 98
    for_expr   go to state 21
    if_expr    go to state 22
    var        go to state 23


State 72

    3 stmts: stmts TEND stmt .

    $default  reduce using rule 3 (stmts)


State 73

   57 var: TIDENTIFIER .

    $default  reduce using rule 57 (var)


State 74

   34 expr: expr TCEQ var .

    $default  reduce using rule 34 (expr)


State 75

   35 expr: expr TCNE var .

    $default  reduce using rule 35 (expr)


State 76

   36 expr: expr TCLT var .

    $default  reduce using rule 36 (expr)


State 77

   37 expr: expr TCLE var .

    $default  reduce using rule 37 (expr)


State 78

   38 expr: expr TCGT var .

    $default  reduce using rule 38 (expr)


State 79

   39 expr: expr TCGE var .

    $default  reduce using rule 39 (expr)


State 80

   30 expr: expr TPLUS var .

    $default  reduce using rule 30 (expr)


State 81

   31 expr: expr TMINUS var .

    $default  reduce using rule 31 (expr)


State 82

   32 expr: expr TMUL var .

    $default  reduce using rule 32 (expr)


State 83

   33 expr: expr TDIV var .

    $default  reduce using rule 33 (expr)


State 84

   41 expr: expr TCAST TIDENTIFIER .

    $default  reduce using rule 41 (expr)


State 85

   10 var_decl: TIDENTIFIER assign . stmt
   28 func_arg: TIDENTIFIER assign . type

    error        shift, and go to state 1
    TIDENTIFIER  shift, and go to state 2
    TINTEGER     shift, and go to state 3
    TDOUBLE      shift, and go to state 4
    TLPAREN      shift, and go to state 5
    TQUOTE       shift, and go to state 27
    TMINUS       shift, and go to state 6
    TTRUE        shift, and go to state 7
    TFALSE       shift, and go to state 8
    TVOID        shift, and go to state 9
    TIF          shift, and go to state 10
    TTHROW       shift, and go to state 11
    THASH        shift, and go to state 12
    TFOR         shift, and go to state 13

    TEND     reduce using rule 4 (stmt)
    TRPAREN  reduce using rule 4 (stmt)
    TCOMMA   reduce using rule 4 (stmt)

    stmt       go to state 64
    var_decl   go to state 17
    func_decl  go to state 18
    func_call  go to state 19
    expr       go to state 20
    for_expr   go to state 21
    if_expr    go to state 22
    var        go to state 23
    type       go to state 99


State 86

   20 func_block: TLPAREN TEND func_args . TRPAREN
   21           | TLPAREN TEND func_args . TEND TRPAREN
   23 func_args: func_args . TEND func_arg
   24          | func_args . TCOMMA func_arg

    TEND     shift, and go to state 100
    TRPAREN  shift, and go to state 101
    TCOMMA   shift, and go to state 89


State 87

   23 func_args: func_args TEND . func_arg

    TIDENTIFIER  shift, and go to state 52
    TINTEGER     shift, and go to state 3
    TDOUBLE      shift, and go to state 4
    TLPAREN      shift, and go to state 5
    TMINUS       shift, and go to state 6
    TTRUE        shift, and go to state 7
    TFALSE       shift, and go to state 8
    TVOID        shift, and go to state 9
    TIF          shift, and go to state 10
    TTHROW       shift, and go to state 11
    THASH        shift, and go to state 12
    TFOR         shift, and go to state 13

    var_decl   go to state 55
    func_decl  go to state 56
    func_call  go to state 19
    func_arg   go to state 102
    expr       go to state 59
    for_expr   go to state 21
    if_expr    go to state 22
    var        go to state 23


State 88

   19 func_block: TLPAREN func_args TRPAREN .

    $default  reduce using rule 19 (func_block)


State 89

   24 func_args: func_args TCOMMA . func_arg

    TIDENTIFIER  shift, and go to state 52
    TINTEGER     shift, and go to state 3
    TDOUBLE      shift, and go to state 4
    TLPAREN      shift, and go to state 5
    TMINUS       shift, and go to state 6
    TTRUE        shift, and go to state 7
    TFALSE       shift, and go to state 8
    TVOID        shift, and go to state 9
    TIF          shift, and go to state 10
    TTHROW       shift, and go to state 11
    THASH        shift, and go to state 12
    TFOR         shift, and go to state 13

    var_decl   go to state 55
    func_decl  go to state 56
    func_call  go to state 19
    func_arg   go to state 103
    expr       go to state 59
    for_expr   go to state 21
    if_expr    go to state 22
    var        go to state 23


State 90

    3 stmts: stmts . TEND stmt
    9 block: TLBRACE stmts . TRBRACE

    TEND     shift, and go to state 40
    TRBRACE  shift, and go to state 104


State 91

   16 catch: TCATCH . block

    TLBRACE  shift, and go to state 61

    block  go to state 105


State 92

   12 func_decl: TIDENTIFIER func_block block catch .

    $default  reduce using rule 12 (func_decl)


State 93

   13 func_decl: TIDENTIFIER func_block type block . catch

    TCATCH  shift, and go to state 91

    $default  reduce using rule 15 (catch)

    catch  go to state 106


State 94

   11 var_decl: TIDENTIFIER type assign stmt .

    $default  reduce using rule 11 (var_decl)


State 95

   48 if_expr: TIF expr block TELSE . block
   49        | TIF expr block TELSE . if_expr

    TLBRACE  shift, and go to state 61
    TIF      shift, and go to state 10

    block    go to state 107
    if_expr  go to state 108


State 96

   44 expr: TTHROW TLPAREN expr TRPAREN .

    $default  reduce using rule 44 (expr)


State 97

   14 func_decl: THASH TIDENTIFIER func_block type .

    $default  reduce using rule 14 (func_decl)


State 98

   30 expr: expr . TPLUS var
   31     | expr . TMINUS var
   32     | expr . TMUL var
   33     | expr . TDIV var
   34     | expr . TCEQ var
   35     | expr . TCNE var
   36     | expr . TCLT var
   37     | expr . TCLE var
   38     | expr . TCGT var
   39     | expr . TCGE var
   41     | expr . TCAST TIDENTIFIER
   46 for_expr: TFOR TIDENTIFIER TCOLON expr . TTO expr block

    TCEQ    shift, and go to state 41
    TCNE    shift, and go to state 42
    TCLT    shift, and go to state 43
    TCLE    shift, and go to state 44
    TCGT    shift, and go to state 45
    TCGE    shift, and go to state 46
    TPLUS   shift, and go to state 47
    TMINUS  shift, and go to state 48
    TMUL    shift, and go to state 49
    TDIV    shift, and go to state 50
    TCAST   shift, and go to state 51
    TTO     shift, and go to state 109


State 99

   28 func_arg: TIDENTIFIER assign type .

    $default  reduce using rule 28 (func_arg)


State 100

   21 func_block: TLPAREN TEND func_args TEND . TRPAREN
   23 func_args: func_args TEND . func_arg

    TIDENTIFIER  shift, and go to state 52
    TINTEGER     shift, and go to state 3
    TDOUBLE      shift, and go to state 4
    TLPAREN      shift, and go to state 5
    TRPAREN      shift, and go to state 110
    TMINUS       shift, and go to state 6
    TTRUE        shift, and go to state 7
    TFALSE       shift, and go to state 8
    TVOID        shift, and go to state 9
    TIF          shift, and go to state 10
    TTHROW       shift, and go to state 11
    THASH        shift, and go to state 12
    TFOR         shift, and go to state 13

    var_decl   go to state 55
    func_decl  go to state 56
    func_call  go to state 19
    func_arg   go to state 102
    expr       go to state 59
    for_expr   go to state 21
    if_expr    go to state 22
    var        go to state 23


State 101

   20 func_block: TLPAREN TEND func_args TRPAREN .

    $default  reduce using rule 20 (func_block)


State 102

   23 func_args: func_args TEND func_arg .

    $default  reduce using rule 23 (func_args)


State 103

   24 func_args: func_args TCOMMA func_arg .

    $default  reduce using rule 24 (func_args)


State 104

    9 block: TLBRACE stmts TRBRACE .

    $default  reduce using rule 9 (block)


State 105

   16 catch: TCATCH block .

    $default  reduce using rule 16 (catch)


State 106

   13 func_decl: TIDENTIFIER func_block type block catch .

    $default  reduce using rule 13 (func_decl)


State 107

   48 if_expr: TIF expr block TELSE block .

    $default  reduce using rule 48 (if_expr)


State 108

   49 if_expr: TIF expr block TELSE if_expr .

    $default  reduce using rule 49 (if_expr)


State 109

   46 for_expr: TFOR TIDENTIFIER TCOLON expr TTO . expr block

    TIDENTIFIER  shift, and go to state 31
    TINTEGER     shift, and go to state 3
    TDOUBLE      shift, and go to state 4
    TLPAREN      shift, and go to state 5
    TMINUS       shift, and go to state 6
    TTRUE        shift, and go to state 7
    TFALSE       shift, and go to state 8
    TVOID        shift, and go to state 9
    TIF          shift, and go to state 10
    TTHROW       shift, and go to state 11
    TFOR         shift, and go to state 13

    func_call  go to state 19
    expr       go to state 111
    for_expr   go to state 21
    if_expr    go to state 22
    var        go to state 23


State 110

   21 func_block: TLPAREN TEND func_args TEND TRPAREN .

    $default  reduce using rule 21 (func_block)


State 111

   30 expr: expr . TPLUS var
   31     | expr . TMINUS var
   32     | expr . TMUL var
   33     | expr . TDIV var
   34     | expr . TCEQ var
   35     | expr . TCNE var
   36     | expr . TCLT var
   37     | expr . TCLE var
   38     | expr . TCGT var
   39     | expr . TCGE var
   41     | expr . TCAST TIDENTIFIER
   46 for_expr: TFOR TIDENTIFIER TCOLON expr TTO expr . block

    TCEQ     shift, and go to state 41
    TCNE     shift, and go to state 42
    TCLT     shift, and go to state 43
    TCLE     shift, and go to state 44
    TCGT     shift, and go to state 45
    TCGE     shift, and go to state 46
    TLBRACE  shift, and go to state 61
    TPLUS    shift, and go to state 47
    TMINUS   shift, and go to state 48
    TMUL     shift, and go to state 49
    TDIV     shift, and go to state 50
    TCAST    shift, and go to state 51

    block  go to state 112


State 112

   46 for_expr: TFOR TIDENTIFIER TCOLON expr TTO expr block .

    $default  reduce using rule 46 (for_expr)
